cxz1d@MSI MINGW64 ~/OneDrive/桌面/nohano1l/ai110b/NOTE/week8 (master)
$ python textgen.py 
请输入文章主题:女朋友
俾斯麦曾经说过, 失败是坚忍的最后考验。带着这句话, 我们还要更加慎重的审视这个问题: 生活中, 若女朋友出现了, 我们就不得不考虑它出现了的事实. 本人也是经过了深思熟 
虑,在每个日日夜夜思考这个问题. 每个人都不得不面对这些问题.  在面对这种问题时, 经过上述讨论, 可是，即使是这样，女朋友的出现仍然代表了一定的意义. 这种事实对本人 
来说意义重大, 相信对这个世界也是有一定意义的.一般来讲, 我们都必须务必慎重的考虑考虑. 就我个人来说, 女朋友对我的意义, 不能不说非常重大. 所谓女朋友, 关键是女朋友
需要如何写. 塞涅卡曾经说过, 生命如同寓言，其价值不在与长短，而在与内容。这不禁令我深思. 我认为, 叔本华说过一句著名的话, 普通人只想到如何度过时间，有才能的人设 
法利用时间。这启发了我. 白哲特说过一句著名的话，坚强的信念能赢得强者的心，并使他们变得更坚强。这启发了我. 我们不得不面对一个非常尴尬的事实, 那就是, 既然如此,  
带着这些问题, 我们来审视一下女朋友. 在这种不可避免的冲突下，我们必须解决这个问题. 女朋友因何而发生?这是不可避免的. 这样看来, 我们一般认为, 抓住了问题的关键, 其
他一切则会迎刃而解.要想清楚, 女朋友, 到底是一种怎么样的存在. 那么, 我认为, 迈克尔·F·斯特利在不经意间这样说过, 最具挑战性的挑战莫过于提升自我。带着这句话, 我们 
还要更加慎重的审视这个问题: 戴尔·卡耐基曾经说过，多数人都拥有自己不了解的能力和机会，都有可能做到未曾梦想的事情。这句话看似简单，但其中的阴郁不禁让人深思. 经过
上述讨论, 塞涅卡在不经意间这样说过, 真正的人生，只有在经过艰难卓绝的斗争之后才能实现。这启发了我. 从这个角度来看, .
    女朋友因何而发生?现在, 解决女朋友的问题, 是非常非常重要的. 所以, 我们都知道, 只要有意义, 那么就必须慎重考虑.既然如何, 可是，即使是这样，女朋友的出现仍然代 
表了一定的意义. 我们都知道, 只要有意义, 那么就必须慎重考虑.既然如此, 爱迪生曾经提到过，天才是百分之一的勤奋加百分之九十九的汗水。这句话看似简单，但其中的阴郁不
禁让人深思. 我们不得不面对一个非常尴尬的事实, 那就是, 博曾经提到过, 一次失败，只是证明我们成功的决心还够坚强。 维这似乎解答了我的疑惑. 既然如何, 莎士比亚在不经
意间这样说过, 那脑袋里的智慧，就像打火石里的火花一样，不去打它是不肯出来的。这句话看似简单，但其中的阴郁不禁让人深思. 女朋友, 发生了会如何, 不发生又会如何. 女 
朋友, 发生了会如何, 不发生又会如何. 在这种困难的抉择下, 本人思来想去, 寝食难安.这种事实对本人来说意义重大, 相信对这个世界也是有一定意义的.生活中, 若女朋友出现 
了, 我们就不得不考虑它出现了的事实. 而这些并不是完全重要, 更加重要的问题是, 在这种困难的抉择下, 本人思来想去, 寝食难安.我们不妨可以这样来想: 了解清楚女朋友到底
是一种怎么样的存在, 是解决一切问题的关键.奥普拉·温弗瑞曾经说过, 你相信什么，你就成为什么样的人。这启发了我. 普列姆昌德在不经意间这样说过, 希望的灯一旦熄灭，生 
活刹那间变成了一片黑暗。我希望诸位也能好好地体会这句话. .
    这样看来, 孔子说过一句富有哲理的话, 知之者不如好之者，好之者不如乐之者。这似乎解答了我的疑惑. 莫扎特曾经提到过, 谁和我一样用功，谁就会和我一样成功。这句话 
把我们带到了一个新的维度去思考这个问题: 女朋友似乎是一种巧合，但如果我们从一个更大的角度看待问题，这似乎是一种不可避免的事实. 女朋友, 到底应该如何实现. 女朋友 
的发生, 到底需要如何做到, 不女朋友的发生, 又会如何产生. 对我个人而言，女朋友不仅仅是一个重大的事件，还可能会改变我的人生. 要想清楚, 女朋友, 到底是一种怎么样的 
存在. 那么, 吉格·金克拉说过一句富有哲理的话, 如果你能做梦，你就能实现它。这似乎解答了我的疑惑. 一般来讲, 我们都必须务必慎重的考虑考虑. 对我个人而言，女朋友不仅
仅是一个重大的事件，还可能会改变我的人生. 德国在不经意间这样说过, 只有在人群中间，才能认识自己。这句话看似简单，但其中的阴郁不禁让人深思. 现在, 解决女朋友的问 
题, 是非常非常重要的. 所以, 带着这些问题, 我们来审视一下女朋友. 在这种不可避免的冲突下，我们必须解决这个问题. 我们不妨可以这样来想: 女朋友似乎是一种巧合，但如 
果我们从一个更大的角度看待问题，这似乎是一种不可避免的事实. 总结的来说, 问题的关键究竟为何? 本人也是经过了深思熟虑,在每个日日夜夜思考这个问题. 而这些并不是完全
重要, 更加重要的问题是, 培根说过，深窥自己的心，而后发觉一切的奇迹在你自己。这句话看似简单，但其中的阴郁不禁让人深思. 女朋友, 到底应该如何实现. 我们一般认为,  
抓住了问题的关键, 其他一切则会迎刃而解.一般来说, 洛克说过一句著名的话, 学到很多东西的诀窍，就是一下子不要学很多。我希望诸位也能好好地体会这句话. 米歇潘说过一句
著名的话, 生命是一条艰险的峡谷，只有勇敢的人才能通过。这似乎解答了我的疑惑. 这是不可避免的. 女朋友的发生, 到底需要如何做到, 不女朋友的发生, 又会如何产生. 罗素·贝克曾经说过, 一个人即使已登上顶峰，也仍要自强不息。这句话把我们带到了一个新的维度去思考这个问题: 一般来说, 了解清楚女朋友到底是一种怎么样的存在, 是解决一切问 
题的关键.就我个人来说, 女朋友对我的意义, 不能不说非常重大. 每个人都不得不面对这些问题.  在面对这种问题时, 从这个角度来看, 问题的关键究竟为何? 所谓女朋友, 关键 
是女朋友需要如何写. 总结的来说, .
    维龙曾经提到过, 要成功不需要什么特别的才能，只要把你能做的小事做得好就行了。这启发了我. 那么, 而这些并不是完全重要, 更加重要的问题是, 了解清楚女朋友到底是 
一种怎么样的存在, 是解决一切问题的关键.一般来讲, 我们都必须务必慎重的考虑考虑. 这样看来, 而这些并不是完全重要, 更加重要的问题是, 本人也是经过了深思熟虑,在每个 
日日夜夜思考这个问题. 我们不妨可以这样来想: 女朋友因何而发生?要想清楚, 女朋友, 到底是一种怎么样的存在. 这是不可避免的. 总结的来说, 既然如此, 现在, 解决女朋友的
问题, 是非常非常重要的. 所以, 对我个人而言，女朋友不仅仅是一个重大的事件，还可能会改变我的人生. 德谟克利特说过一句富有哲理的话, 节制使快乐增加并使享受加强。这 
句话把我们带到了一个新的维度去思考这个问题: 一般来说, 我们不得不面对一个非常尴尬的事实, 那就是, 雷锋曾经提到过, 自己活着，就是为了使别人过得更美好。带着这句话, 我们还要更加慎重的审视这个问题: .
    经过上述讨论, 史美尔斯说过一句著名的话, 书籍把我们引入最美好的社会，使我们认识各个时代的伟大智者。这不禁令我深思. 就我个人来说, 女朋友对我的意义, 不能不说 
非常重大. 在这种困难的抉择下, 本人思来想去, 寝食难安.我们都知道, 只要有意义, 那么就必须慎重考虑.所谓女朋友, 关键是女朋友需要如何写. 在这种不可避免的冲突下，我 
们必须解决这个问题. 我们一般认为, 抓住了问题的关键, 其他一切则会迎刃而解.歌德说过一句著名的话, 读一本好书，就如同和一个高尚的人在交谈。这不禁令我深思. 非洲曾经
说过, 最灵繁的人也看不见自己的背脊。我希望诸位也能好好地体会这句话. 女朋友的发生, 到底需要如何做到, 不女朋友的发生, 又会如何产生. 就我个人来说, 女朋友对我的意 
义, 不能不说非常重大. 了解清楚女朋友到底是一种怎么样的存在, 是解决一切问题的关键.带着这些问题, 我们来审视一下女朋友. 带着这些问题, 我们来审视一下女朋友. 经过上
述讨论, 女朋友, 发生了会如何, 不发生又会如何. 女朋友似乎是一种巧合，但如果我们从一个更大的角度看待问题，这似乎是一种不可避免的事实. 对我个人而言，女朋友不仅仅 
是一个重大的事件，还可能会改变我的人生. 女朋友似乎是一种巧合，但如果我们从一个更大的角度看待问题，这似乎是一种不可避免的事实. 现在, 解决女朋友的问题, 是非常非 
常重要的. 所以, 白哲特说过一句著名的话, 坚强的信念能赢得强者的心，并使他们变得更坚强。 这句话语虽然很短, 但令我浮想联翩. 所谓女朋友, 关键是女朋友需要如何写. 我
们不妨可以这样来想: 奥斯特洛夫斯基说过一句著名的话, 共同的事业，共同的斗争，可以使人们产生忍受一切的力量。　我希望诸位也能好好地体会这句话. 每个人都不得不面对 
这些问题.  在面对这种问题时, 这种事实对本人来说意义重大, 相信对这个世界也是有一定意义的.女朋友, 到底应该如何实现. 问题的关键究竟为何? 问题的关键究竟为何? 一般 
来说, 我们都知道, 只要有意义, 那么就必须慎重考虑.这种事实对本人来说意义重大, 相信对这个世界也是有一定意义的.我们一般认为, 抓住了问题的关键, 其他一切则会迎刃而 
解.总结的来说, 从这个角度来看, 既然如何, 本人也是经过了深思熟虑,在每个日日夜夜思考这个问题. 我认为, 那么, 从这个角度来看, 在这种不可避免的冲突下，我们必须解决 
这个问题. 女朋友, 发生了会如何, 不发生又会如何. 拿破仑·希尔说过一句著名的话, 不要等待，时机永远不会恰到好处。带着这句话, 我们还要更加慎重的审视这个问题: .     
    每个人都不得不面对这些问题.  在面对这种问题时, 我认为, 要想清楚, 女朋友, 到底是一种怎么样的存在. 这样看来, 生活中, 若女朋友出现了, 我们就不得不考虑它出现了
的事实. 女朋友, 到底应该如何实现. 可是，即使是这样，女朋友的出现仍然代表了一定的意义. 既然如何, 可是，即使是这样，女朋友的出现仍然代表了一定的意义. 生活中, 若 
女朋友出现了, 我们就不得不考虑它出现了的事实. 这是不可避免的. 培根曾经提到过, 要知道对好事的称颂过于夸大，也会招来人们的反感轻蔑和嫉妒。我希望诸位也能好好地体 
会这句话. 在这种困难的抉择下, 本人思来想去, 寝食难安.女朋友因何而发生?培根曾经说过, 阅读使人充实，会谈使人敏捷，写作使人精确。这句话把我们带到了一个新的维度去 
思考这个问题: 布尔沃说过一句著名的话, 要掌握书，莫被书掌握；要为生而读，莫为读而生。带着这句话, 我们还要更加慎重的审视这个问题: 我们不得不面对一个非常尴尬的事 
实, 那就是, 女朋友的发生, 到底需要如何做到, 不女朋友的发生, 又会如何产生. 一般来讲, 我们都必须务必慎重的考虑考虑. 既然如此, .
    这样看来, 我们不得不面对一个非常尴尬的事实, 那就是, 莎士比亚曾经提到过, 人的一生是短的，但如果卑劣地过这一生，就太长了。带着这句话, 我们还要更加慎重的审视 
这个问题: 康德说过一句富有哲理的话, 既然我已经踏上这条道路，那么，任何东西都不应妨碍我沿着这条路走下去。我希望诸位也能好好地体会这句话. 女朋友, 发生了会如何,  
不发生又会如何. 而这些并不是完全重要, 更加重要的问题是, 带着这些问题, 我们来审视一下女朋友. 在这种困难的抉择下, 本人思来想去, 寝食难安.我们都知道, 只要有意义, 
那么就必须慎重考虑.生活中, 若女朋友出现了, 我们就不得不考虑它出现了的事实. 这是不可避免的. 所谓女朋友, 关键是女朋友需要如何写. 要想清楚, 女朋友, 到底是一种怎么
样的存在. 女朋友的发生, 到底需要如何做到, 不女朋友的发生, 又会如何产生. 女朋友因何而发生?了解清楚女朋友到底是一种怎么样的存在, 是解决一切问题的关键.屠格涅夫说 
过一句富有哲理的话, 你想成为幸福的人吗？但愿你首先学会吃得起苦。带着这句话, 我们还要更加慎重的审视这个问题: 从这个角度来看, 可是，即使是这样，女朋友的出现仍然 
代表了一定的意义. 既然如此, 这种事实对本人来说意义重大, 相信对这个世界也是有一定意义的.歌德曾经提到过, 意志坚强的人能把世界放在手中像泥块一样任意揉捏。这句话看
似简单，但其中的阴郁不禁让人深思. 经过上述讨论, 而这些并不是完全重要, 更加重要的问题是, 一般来讲, 我们都必须务必慎重的考虑考虑. 问题的关键究竟为何? 既然如何,  
可是，即使是这样，女朋友的出现仍然代表了一定的意义. 既然如此, 我们一般认为, 抓住了问题的关键, 其他一切则会迎刃而解.生活中, 若女朋友出现了, 我们就不得不考虑它出
现了的事实. 一般来说, 一般来讲, 我们都必须务必慎重的考虑考虑. 就我个人来说, 女朋友对我的意义, 不能不说非常重大. 我认为, 这是不可避免的. 在这种困难的抉择下, 本 
人思来想去, 寝食难安.带着这些问题, 我们来审视一下女朋友. 莎士比亚说过一句富有哲理的话, 意志命运往往背道而驰，决心到最后会全部推倒。这不禁令我深思. 了解清楚女朋
友到底是一种怎么样的存在, 是解决一切问题的关键..
    每个人都不得不面对这些问题.  在面对这种问题时, .
    一般来说, 贝多芬说过一句著名的话, 卓越的人一大优点是：在不利与艰难的遭遇里百折不饶。这似乎解答了我的疑惑. 本人也是经过了深思熟虑,在每个日日夜夜思考这个问题
. 现在, 解决女朋友的问题, 是非常非常重要的. 所以, 问题的关键究竟为何? .
    我们都知道, 只要有意义, 那么就必须慎重考虑.从这个角度来看, 爱迪生说过一句著名的话，天才是百分之一的勤奋加百分之九十九的汗水。我希望诸位也能好好地体会这句话
. 总结的来说, 女朋友, 到底应该如何实现. 女朋友, 到底应该如何实现. 就我个人来说, 女朋友对我的意义, 不能不说非常重大. 本人也是经过了深思熟虑,在每个日日夜夜思考这
个问题. 在这种不可避免的冲突下，我们必须解决这个问题. 总结的来说, 所谓女朋友, 关键是女朋友需要如何写. 每个人都不得不面对这些问题.  在面对这种问题时, 这种事实对
本人来说意义重大, 相信对这个世界也是有一定意义的.拉罗什福科曾经提到过, 我们唯一不会改正的缺点是软弱。这不禁令我深思. 我们不妨可以这样来想: 笛卡儿在不经意间这样
说过, 读一切好书，就是和许多高尚的人谈话。我希望诸位也能好好地体会这句话. 这样看来, 我们一般认为, 抓住了问题的关键, 其他一切则会迎刃而解.要想清楚, 女朋友, 到底
是一种怎么样的存在. 在这种不可避免的冲突下，我们必须解决这个问题. 莎士比亚曾经说过, 意志命运往往背道而驰，决心到最后会全部推倒。这启发了我. 现在, 解决女朋友的 
问题, 是非常非常重要的. 所以, 我们不妨可以这样来想:
对我个人而言，女朋友不仅仅是一个重大的事件，还可能会改变我的人生. 女朋友似乎是一种巧合，但如果我们从一个更大的角度看待问题，这似乎是一种不可避免的事实. 既然如 
何, 文森特·皮尔说过一句著名的话, 改变你的想法，你就改变了自己的世界。带着这句话, 我们还要更加慎重的审视这个问题: 德谟克利特说过一句著名的话, 节制使快乐增加并使
享受加强。这句话语虽然很短, 但令我浮想联翩. 经过上述讨论, 女朋友似乎是一种巧合，但如果我们从一个更大的角度看待问题，这似乎是一种不可避免的事实. 王阳明曾经提到 
过, 故立志者，为学之心也；为学者，立志之事也。这不禁令我深思. 罗曼·罗兰说过一句著名的话, 只有把抱怨环境的心情，化为上进的力量，才是成功的保证。这句话看似简单，
但其中的阴郁不禁让人深思. 那么, 女朋友的发生, 到底需要如何做到, 不女朋友的发生, 又会如何产生. 那么, .
    女朋友因何而发生?对我个人而言，女朋友不仅仅是一个重大的事件，还可能会改变我的人生. 我们不得不面对一个非常尴尬的事实, 那就是, 女朋友, 发生了会如何, 不发生又
会如何. .
    我认为, 在这种困难的抉择下, 本人思来想去, 寝食难安.韩非曾经提到过, 内外相应，言行相称。这句话语虽然很短, 但令我浮想联翩. 女朋友, 发生了会如何, 不发生又会如
何. 就我个人来说, 女朋友对我的意义, 不能不说非常重大. 可是，即使是这样，女朋友的出现仍然代表了一定的意义. 生活中, 若女朋友出现了, 我们就不得不考虑它出现了的事 
实. 那么, 带着这些问题, 我们来审视一下女朋友. 每个人都不得不面对这些问题.  在面对这种问题时, 一般来说, 总结的来说, 我认为, 对我个人而言，女朋友不仅仅是一个重大
的事件，还可能会改变我的人生. 这样看来, 对我个人而言，女朋友不仅仅是一个重大的事件，还可能会改变我的人生. 我们一般认为, 抓住了问题的关键, 其他一切则会迎刃而解.一般来讲, 我们都必须务必慎重的考虑考虑. 可是，即使是这样，女朋友的出现仍然代表了一定的意义. 女朋友, 到底应该如何实现. 女朋友因何而发生?女朋友, 发生了会如何, 不
发生又会如何. 而这些并不是完全重要, 更加重要的问题是, 问题的关键究竟为何? 我们不得不面对一个非常尴尬的事实, 那就是, 本人也是经过了深思熟虑,在每个日日夜夜思考这
个问题. 既然如此, 既然如何, 而这些并不是完全重要, 更加重要的问题是, 经过上述讨论, 塞内加曾经提到过, 勇气通往天堂，怯懦通往地狱。这启发了我. 一般来说, 本人也是 
经过了深思熟虑,在每个日日夜夜思考这个问题. 苏轼说过一句著名的话, 古之立大事者，不惟有超世之才，亦必有坚忍不拔之志。这启发了我. 我们都知道, 只要有意义, 那么就必
须慎重考虑.歌德说过一句著名的话, 决定一个人的一生，以及整个命运的，只是一瞬之间。这不禁令我深思. 我们不妨可以这样来想: 所谓女朋友, 关键是女朋友需要如何写. 女朋
友因何而发生?总结的来说, 歌德曾经提到过, 决定一个人的一生，以及整个命运的，只是一瞬之间。这句话语虽然很短, 但令我浮想联翩. 我们不得不面对一个非常尴尬的事实, 那
就是, .
    这是不可避免的. 问题的关键究竟为何? 笛卡儿说过一句富有哲理的话, 阅读一切好书如同和过去最杰出的人谈话。这不禁令我深思. 我们不妨可以这样来想: 每个人都不得不 
面对这些问题.  在面对这种问题时, 我认为, 佚名说过一句富有哲理的话, 感激每一个新的挑战，因为它会锻造你的意志和品格。这句话看似简单，但其中的阴郁不禁让人深思. 了
解清楚女朋友到底是一种怎么样的存在, 是解决一切问题的关键.富兰克林在不经意间这样说过, 你热爱生命吗？那么别浪费时间，因为时间是组成生命的材料。这似乎解答了我的疑
惑. 郭沫若在不经意间这样说过, 形成天才的决定因素应该是勤奋。这句话看似简单，但其中的阴郁不禁让人深思. 要想清楚, 女朋友, 到底是一种怎么样的存在. 女朋友, 到底应 
该如何实现. 女朋友似乎是一种巧合，但如果我们从一个更大的角度看待问题，这似乎是一种不可避免的事实. 乌申斯基曾经说过, 学习是劳动，是充满思想的劳动。这句话语虽然 
很短, 但令我浮想联翩. 莎士比亚说过一句富有哲理的话，那脑袋里的智慧，就像打火石里的火花一样，不去打它是不肯出来的。这不禁令我深思. 一般来讲, 我们都必须务必慎重 
的考虑考虑. 卡莱尔说过一句富有哲理的话, 过去一切时代的精华尽在书中。这似乎解答了我的疑惑. 就我个人来说, 女朋友对我的意义, 不能不说非常重大. 现在, 解决女朋友的 
问题, 是非常非常重要的. 所以, 了解清楚女朋友到底是一种怎么样的存在, 是解决一切问题的关键.在这种不可避免的冲突下，我们必须解决这个问题. 这是不可避免的. 经过上述
讨论, 从这个角度来看, 生活中, 若女朋友出现了, 我们就不得不考虑它出现了的事实. 所谓女朋友, 关键是女朋友需要如何写. 日本谚语说过一句著名的话, 不幸可能成为通向幸 
福的桥梁。这不禁令我深思. 这种事实对本人来说意义重大, 相信对这个世界也是有一定意义的.既然如何, 女朋友的发生, 到底需要如何做到, 不女朋友的发生, 又会如何产生. 女
朋友的发生, 到底需要如何做到, 不女朋友的发生, 又会如何产生. 在这种困难的抉择下, 本人思来想去, 寝食难安.在这种不可避免的冲突下，我们必须解决这个问题. 这样看来, 
既然如此, 斯宾诺莎说过一句著名的话, 最大的骄傲于最大的自卑都表示心灵的最软弱无力。这不禁令我深思. 奥斯特洛夫斯基曾经说过, 共同的事业，共同的斗争，可以使人们产 
生忍受一切的力量。　这似乎解答了我的疑惑. 现在, 解决女朋友的问题, 是非常非常重要的. 所以, 克劳斯·莫瑟爵士说过一句著名的话, 教育需要花费钱，而无知也是一样。这似
乎解答了我的疑惑. 要想清楚, 女朋友, 到底是一种怎么样的存在. 我们都知道, 只要有意义, 那么就必须慎重考虑.这种事实对本人来说意义重大, 相信对这个世界也是有一定意义
的.女朋友似乎是一种巧合，但如果我们从一个更大的角度看待问题，这似乎是一种不可避免的事实. 从这个角度来看, 带着这些问题, 我们来审视一下女朋友. 那么, 我们一般认为
, 抓住了问题的关键, 其他一切则会迎刃而解.史美尔斯曾经提到过, 书籍把我们引入最美好的社会，使我们认识各个时代的伟大智者。我希望诸位也能好好地体会这句话. 布尔沃说
过一句富有哲理的话, 要掌握书，莫被书掌握；要为生而读，莫为读而生。这启发了我. 可是，即使是这样，女朋友的出现仍然代表了一定的意义. 培根说过，深窥自己的心，而后 
发觉一切的奇迹在你自己。这似乎解答了我的疑惑. 女朋友, 到底应该如何实现. 这样看来, 了解清楚女朋友到底是一种怎么样的存在, 是解决一切问题的关键.赫尔普斯说过一句著
名的话, 有时候读书是一种巧妙地避开思考的方法。我希望诸位也能好好地体会这句话. 每个人都不得不面对这些问题.  在面对这种问题时, 女朋友, 到底应该如何实现. 所谓女朋
友, 关键是女朋友需要如何写. 总结的来说, 带着这些问题, 我们来审视一下女朋友. 一般来说, .
    贝多芬说过一句著名的话, 卓越的人一大优点是：在不利与艰难的遭遇里百折不饶。这句话语虽然很短, 但令我浮想联翩. 女朋友, 发生了会如何, 不发生又会如何. 笛卡儿在 
不经意间这样说过, 我的努力求学没有得到别的好处，只不过是愈来愈发觉自己的无知。这似乎解答了我的疑惑. 在这种不可避免的冲突下，我们必须解决这个问题. 既然如何, .  
    富兰克林在不经意间这样说过, 读书是易事，思索是难事，但两者缺一，便全无用处。这句话把我们带到了一个新的维度去思考这个问题: .
    .
    而这些并不是完全重要, 更加重要的问题是, 就我个人来说, 女朋友对我的意义, 不能不说非常重大. 我认为, 这样看来, 从这个角度来看, 一般来讲, 我们都必须务必慎重的 
考虑考虑. 经过上述讨论, 我们都知道, 只要有意义, 那么就必须慎重考虑.女朋友因何而发生?女朋友因何而发生?一般来说, 我们不妨可以这样来想: 对我个人而言，女朋友不仅仅
是一个重大的事件，还可能会改变我的人生. 问题的关键究竟为何? 戴尔·卡耐基说过一句著名的话，多数人都拥有自己不了解的能力和机会，都有可能做到未曾梦想的事情。这句话
看似简单，但其中的阴郁不禁让人深思. 莎士比亚说过一句著名的话, 本来无望的事，大胆尝试，往往能成功。这启发了我. 女朋友的发生, 到底需要如何做到, 不女朋友的发生,  
又会如何产生. 既然如此, .
    在这种困难的抉择下, 本人思来想去, 寝食难安.女朋友似乎是一种巧合，但如果我们从一个更大的角度看待问题，这似乎是一种不可避免的事实. 这种事实对本人来说意义重大
, 相信对这个世界也是有一定意义的.女朋友, 发生了会如何, 不发生又会如何. 带着这些问题, 我们来审视一下女朋友. 要想清楚, 女朋友, 到底是一种怎么样的存在. 那么, 总结
的来说, 所谓女朋友, 关键是女朋友需要如何写. 生活中, 若女朋友出现了, 我们就不得不考虑它出现了的事实. 女朋友似乎是一种巧合，但如果我们从一个更大的角度看待问题， 
这似乎是一种不可避免的事实. 马尔顿说过一句富有哲理的话, 坚强的信心，能使平凡的人做出惊人的事业。这句话语虽然很短, 但令我浮想联翩. 白哲特说过一句富有哲理的话,  
坚强的信念能赢得强者的心，并使他们变得更坚强。 这似乎解答了我的疑惑. 这是不可避免的. 从这个角度来看, 我们不得不面对一个非常尴尬的事实, 那就是, 生活中, 若女朋友
出现了, 我们就不得不考虑它出现了的事实. 一般来讲, 我们都必须务必慎重的考虑考虑. 莎士比亚在不经意间这样说过，那脑袋里的智慧，就像打火石里的火花一样，不去打它是 
不肯出来的。这句话语虽然很短, 但令我浮想联翩. 现在, 解决女朋友的问题, 是非常非常重要的. 所以, 而这些并不是完全重要, 更加重要的问题是, 可是，即使是这样，女朋友 
的出现仍然代表了一定的意义. 就我个人来说, 女朋友对我的意义, 不能不说非常重大. 易卜生曾经提到过, 伟大的事业，需要决心，能力，组织和责任感。这句话把我们带到了一 
个新的维度去思考这个问题: 我们一般认为, 抓住了问题的关键, 其他一切则会迎刃而解.我们不妨可以这样来想: 这是不可避免的. 在这种困难的抉择下, 本人思来想去, 寝食难安
.现在, 解决女朋友的问题, 是非常非常重要的. 所以, 每个人都不得不面对这些问题.  在面对这种问题时, 西班牙曾经提到过, 自己的鞋子，自己知道紧在哪里。带着这句话, 我 
们还要更加慎重的审视这个问题: 本人也是经过了深思熟虑,在每个日日夜夜思考这个问题. 左拉曾经提到过, 生活的道路一旦选定，就要勇敢地走到底，决不回头。我希望诸位也能
好好地体会这句话. 经过上述讨论, 我们都知道, 只要有意义, 那么就必须慎重考虑.老子说过一句富有哲理的话, 知人者智，自知者明。胜人者有力，自胜者强。我希望诸位也能好
好地体会这句话. 我认为, 我们不得不面对一个非常尴尬的事实, 那就是, 莎士比亚说过一句著名的话, 那脑袋里的智慧，就像打火石里的火花一样，不去打它是不肯出来的。这句 
话语虽然很短, 但令我浮想联翩. 俾斯麦曾经说过, 对于不屈不挠的人来说，没有失败这回事。这句话语虽然很短, 但令我浮想联翩. 西班牙曾经提到过, 自知之明是最难得的知识 
。我希望诸位也能好好地体会这句话. 女朋友的发生, 到底需要如何做到, 不女朋友的发生, 又会如何产生. 问题的关键究竟为何? .
    既然如何, 了解清楚女朋友到底是一种怎么样的存在, 是解决一切问题的关键.既然如此, 我们一般认为, 抓住了问题的关键, 其他一切则会迎刃而解.别林斯基曾经说过, 好的 
书籍是最贵重的珍宝。我希望诸位也能好好地体会这句话. 那么, 这种事实对本人来说意义重大, 相信对这个世界也是有一定意义的.笛卡儿说过一句著名的话, 我的努力求学没有得
到别的好处，只不过是愈来愈发觉自己的无知。带着这句话, 我们还要更加慎重的审视这个问题: 日本谚语曾经说过, 不幸可能成为通向幸福的桥梁。这句话语虽然很短, 但令我浮 
想联翩. 在这种不可避免的冲突下，我们必须解决这个问题. 对我个人而言，女朋友不仅仅是一个重大的事件，还可能会改变我的人生. 本人也是经过了深思熟虑,在每个日日夜夜思
考这个问题. 要想清楚, 女朋友, 到底是一种怎么样的存在. 要想清楚, 女朋友, 到底是一种怎么样的存在. 一般来说, 一般来讲, 我们都必须务必慎重的考虑考虑. 女朋友的发生, 到底需要如何做到, 不女朋友的发生, 又会如何产生. 在这种困难的抉择下, 本人思来想去, 寝食难安.既然如何, 池田大作曾经提到过, 不要回避苦恼和困难，挺起身来向它挑战 
，进而克服它。这不禁令我深思. 我认为, 白哲特曾经说过，坚强的信念能赢得强者的心，并使他们变得更坚强。带着这句话, 我们还要更加慎重的审视这个问题: 本人也是经过了 
深思熟虑,在每个日日夜夜思考这个问题. 雷锋曾经说过, 自己活着，就是为了使别人过得更美好。这不禁令我深思. 每个人都不得不面对这些问题.  在面对这种问题时, 我们一般 
认为, 抓住了问题的关键, 其他一切则会迎刃而解.这样看来, 在这种不可避免的冲突下，我们必须解决这个问题. 既然如何, 在这种不可避免的冲突下，我们必须解决这个问题. 带
着这些问题, 我们来审视一下女朋友. 从这个角度来看, .
    海贝尔曾经提到过, 人生就是学校。在那里，与其说好的教师是幸福，不如说好的教师是不幸。这句话看似简单，但其中的阴郁不禁让人深思. 我们都知道, 只要有意义, 那么 
就必须慎重考虑.总结的来说, 维龙曾经提到过, 要成功不需要什么特别的才能，只要把你能做的小事做得好就行了。这句话把我们带到了一个新的维度去思考这个问题: 一般来说, 
我们不得不面对一个非常尴尬的事实, 那就是, 可是，即使是这样，女朋友的出现仍然代表了一定的意义. 女朋友因何而发生?总结的来说, 女朋友的发生, 到底需要如何做到, 不女
朋友的发生, 又会如何产生. 我们不妨可以这样来想: 女朋友, 发生了会如何, 不发生又会如何. 就我个人来说, 女朋友对我的意义, 不能不说非常重大. 那么, 在这种困难的抉择 
下, 本人思来想去, 寝食难安.米歇潘在不经意间这样说过, 生命是一条艰险的峡谷，只有勇敢的人才能通过。我希望诸位也能好好地体会这句话. 我们不得不面对一个非常尴尬的事
实, 那就是, 经过上述讨论, 问题的关键究竟为何?
要想清楚, 女朋友, 到底是一种怎么样的存在. 邓拓曾经提到过, 越是没有本领的就越加自命不凡。这启发了我. 而这些并不是完全重要, 更加重要的问题是, .
    既然如此, 可是，即使是这样，女朋友的出现仍然代表了一定的意义. 我们不妨可以这样来想: 经过上述讨论, 女朋友似乎是一种巧合，但如果我们从一个更大的角度看待问题 
，这似乎是一种不可避免的事实. 这种事实对本人来说意义重大, 相信对这个世界也是有一定意义的.女朋友, 发生了会如何, 不发生又会如何. 女朋友因何而发生?本人也是经过了 
深思熟虑,在每个日日夜夜思考这个问题. 问题的关键究竟为何? 了解清楚女朋友到底是一种怎么样的存在, 是解决一切问题的关键.现在, 解决女朋友的问题, 是非常非常重要的.  
所以, 卡耐基曾经提到过, 我们若已接受最坏的，就再没有什么损失。这句话看似简单，但其中的阴郁不禁让人深思. 生活中, 若女朋友出现了, 我们就不得不考虑它出现了的事实. 我认为, 现在, 解决女朋友的问题, 是非常非常重要的. 所以, 就我个人来说, 女朋友对我的意义, 不能不说非常重大. 而这些并不是完全重要, 更加重要的问题是, 了解清楚女朋
友到底是一种怎么样的存在, 是解决一切问题的关键.从这个角度来看, 每个人都不得不面对这些问题.  在面对这种问题时, 美华纳曾经说过, 勿问成功的秘诀为何，且尽全力做你 
应该做的事吧。这句话看似简单，但其中的阴郁不禁让人深思. 所谓女朋友, 关键是女朋友需要如何写. 生活中, 若女朋友出现了, 我们就不得不考虑它出现了的事实. 对我个人而 
言，女朋友不仅仅是一个重大的事件，还可能会改变我的人生. 这是不可避免的. 女朋友, 到底应该如何实现. .
    一般来讲, 我们都必须务必慎重的考虑考虑. 女朋友, 到底应该如何实现. 带着这些问题, 我们来审视一下女朋友. 爱迪生曾经提到过, 失败也是我需要的，它和成功对我一样 
有价值。这不禁令我深思. 我们都知道, 只要有意义, 那么就必须慎重考虑.我们一般认为, 抓住了问题的关键, 其他一切则会迎刃而解.这样看来, 海贝尔说过一句著名的话, 人生 
就是学校。在那里，与其说好的教师是幸福，不如说好的教师是不幸。我希望诸位也能好好地体会这句话. 既然如此, 女朋友似乎是一种巧合，但如果我们从一个更大的角度看待问 
题，这似乎是一种不可避免的事实. 那么, 这是不可避免的. 对我个人而言，女朋友不仅仅是一个重大的事件，还可能会改变我的人生. 这种事实对本人来说意义重大, 相信对这个 
世界也是有一定意义的.所谓女朋友, 关键是女朋友需要如何写. 卡耐基在不经意间这样说过, 我们若已接受最坏的，就再没有什么损失。我希望诸位也能好好地体会这句话. 既然如
何, 带着这些问题, 我们来审视一下女朋友. .
    莎士比亚曾经提到过, 人的一生是短的，但如果卑劣地过这一生，就太长了。这句话把我们带到了一个新的维度去思考这个问题: 可是，即使是这样，女朋友的出现仍然代表了 
一定的意义. 就我个人来说, 女朋友对我的意义, 不能不说非常重大. 要想清楚, 女朋友, 到底是一种怎么样的存在. 这种事实对本人来说意义重大, 相信对这个世界也是有一定意 
义的.可是，即使是这样，女朋友的出现仍然代表了一定的意义. 一般来说, 女朋友因何而发生?我认为, 一般来说, 我们一般认为, 抓住了问题的关键, 其他一切则会迎刃而解.一般
来讲, 我们都必须务必慎重的考虑考虑. 屠格涅夫曾经提到过, 你想成为幸福的人吗？但愿你首先学会吃得起苦。我希望诸位也能好好地体会这句话. 从这个角度来看, 老子曾经说 
过, 知人者智，自知者明。胜人者有力，自胜者强。这不禁令我深思. 达·芬奇说过一句著名的话, 大胆和坚定的决心能够抵得上武器的精良。带着这句话, 我们还要更加慎重的审视
这个问题: .
    现在, 解决女朋友的问题, 是非常非常重要的. 所以, 既然如何, 生活中, 若女朋友出现了, 我们就不得不考虑它出现了的事实. 生活中, 若女朋友出现了, 我们就不得不考虑 
它出现了的事实. 女朋友的发生, 到底需要如何做到, 不女朋友的发生, 又会如何产生. 本人也是经过了深思熟虑,在每个日日夜夜思考这个问题. 这样看来, 本人也是经过了深思熟
虑,在每个日日夜夜思考这个问题. 总结的来说, 要想清楚, 女朋友, 到底是一种怎么样的存在. 经过上述讨论, 在这种不可避免的冲突下，我们必须解决这个问题. 现在, 解决女朋
友的问题, 是非常非常重要的. 所以, 对我个人而言，女朋友不仅仅是一个重大的事件，还可能会改变我的人生. 对我个人而言，女朋友不仅仅是一个重大的事件，还可能会改变我 
的人生. 而这些并不是完全重要, 更加重要的问题是, 就我个人来说, 女朋友对我的意义, 不能不说非常重大. 每个人都不得不面对这些问题.  在面对这种问题时, 歌德曾经说过, 
意志坚强的人能把世界放在手中像泥块一样任意揉捏。这启发了我. 我们不得不面对一个非常尴尬的事实, 那就是, 我们都知道, 只要有意义, 那么就必须慎重考虑.女朋友, 到底应
该如何实现. 我认为, 韩非说过一句著名的话, 内外相应，言行相称。这不禁令我深思. 了解清楚女朋友到底是一种怎么样的存在, 是解决一切问题的关键.问题的关键究竟为何? 了
解清楚女朋友到底是一种怎么样的存在, 是解决一切问题的关键.女朋友似乎是一种巧合，但如果我们从一个更大的角度看待问题，这似乎是一种不可避免的事实. 这是不可避免的. 
而这些并不是完全重要, 更加重要的问题是, 女朋友, 发生了会如何, 不发生又会如何. 总结的来说, 女朋友, 到底应该如何实现. .
    这种事实对本人来说意义重大, 相信对这个世界也是有一定意义的.我们不妨可以这样来想: 在这种困难的抉择下, 本人思来想去, 寝食难安..
    我们都知道, 只要有意义, 那么就必须慎重考虑.从这个角度来看, 在这种困难的抉择下, 本人思来想去, 寝食难安.那么, 我们不妨可以这样来想: 女朋友的发生, 到底需要如 
何做到, 不女朋友的发生, 又会如何产生. 这是不可避免的. 我们一般认为, 抓住了问题的关键, 其他一切则会迎刃而解.这样看来, 既然如此, 拉罗什夫科曾经说过, 取得成就时坚
持不懈，要比遭到失败时顽强不屈更重要。这似乎解答了我的疑惑. 叔本华在不经意间这样说过, 意志是一个强壮的盲人，倚靠在明眼的跛子肩上。我希望诸位也能好好地体会这句 
话. 每个人都不得不面对这些问题.  在面对这种问题时, 在这种不可避免的冲突下，我们必须解决这个问题. 带着这些问题, 我们来审视一下女朋友. 富勒曾经在不经意间这样说过
, 苦难磨炼一些人，也毁灭另一些人。这句话把我们带到了一个新的维度去思考这个问题: 所谓女朋友, 关键是女朋友需要如何写. .
    问题的关键究竟为何? 女朋友因何而发生?我们不得不面对一个非常尴尬的事实, 那就是, 所谓女朋友, 关键是女朋友需要如何写. 经过上述讨论, 既然如此, 郭沫若曾经提到过
, 形成天才的决定因素应该是勤奋。我希望诸位也能好好地体会这句话. 女朋友似乎是一种巧合，但如果我们从一个更大的角度看待问题，这似乎是一种不可避免的事实. 一般来讲, 我们都必须务必慎重的考虑考虑. 女朋友, 发生了会如何, 不发生又会如何. 那么, 要想清楚, 女朋友, 到底是一种怎么样的存在. 我们不得不面对一个非常尴尬的事实, 那就是, 
一般来说, 可是，即使是这样，女朋友的出现仍然代表了一定的意义. 既然如何, 经过上述讨论, 歌德曾经提到过, 读一本好书，就如同和一个高尚的人在交谈。这句话把我们带到 
了一个新的维度去思考这个问题: 我认为, 这种事实对本人来说意义重大, 相信对这个世界也是有一定意义的.既然如何, 本人也是经过了深思熟虑,在每个日日夜夜思考这个问题.  
苏轼说过一句著名的话, 古之立大事者，不惟有超世之才，亦必有坚忍不拔之志。这句话看似简单，但其中的阴郁不禁让人深思. 达·芬奇曾经提到过, 大胆和坚定的决心能够抵得上
武器的精良。这句话语虽然很短, 但令我浮想联翩. 马克思在不经意间这样说过, 一切节省，归根到底都归结为时间的节省。这句话语虽然很短, 但令我浮想联翩. 了解清楚女朋友 
到底是一种怎么样的存在, 是解决一切问题的关键.一般来讲, 我们都必须务必慎重的考虑考虑. 带着这些问题, 我们来审视一下女朋友. 既然如此, 这是不可避免的. 那么, 希腊说
过一句著名的话, 最困难的事情就是认识自己。这句话看似简单，但其中的阴郁不禁让人深思. 女朋友, 发生了会如何, 不发生又会如何. .
    每个人都不得不面对这些问题.  在面对这种问题时, 这样看来, 我们都知道, 只要有意义, 那么就必须慎重考虑.我们不妨可以这样来想: 既然如此, 可是，即使是这样，女朋 
友的出现仍然代表了一定的意义. 西班牙说过一句著名的话, 自知之明是最难得的知识。这似乎解答了我的疑惑. 在这种不可避免的冲突下，我们必须解决这个问题. 黑格尔说过一 
句著名的话, 只有永远躺在泥坑里的人，才不会再掉进坑里。这似乎解答了我的疑惑. 这样看来, 生活中, 若女朋友出现了, 我们就不得不考虑它出现了的事实. 总结的来说, 对我 
个人而言，女朋友不仅仅是一个重大的事件，还可能会改变我的人生. 一般来说, 现在, 解决女朋友的问题, 是非常非常重要的. 所以, 所谓女朋友, 关键是女朋友需要如何写. 现 
在, 解决女朋友的问题, 是非常非常重要的. 所以, 我们一般认为, 抓住了问题的关键, 其他一切则会迎刃而解.每个人都不得不面对这些问题.  在面对这种问题时, 我们不妨可以 
这样来想: 带着这些问题, 我们来审视一下女朋友. 罗素·贝克曾经说过, 一个人即使已登上顶峰，也仍要自强不息。这句话把我们带到了一个新的维度去思考这个问题: 我们都知道
, 只要有意义, 那么就必须慎重考虑.而这些并不是完全重要, 更加重要的问题是, .
    黑格尔在不经意间这样说过, 只有永远躺在泥坑里的人，才不会再掉进坑里。这似乎解答了我的疑惑. 女朋友的发生, 到底需要如何做到, 不女朋友的发生, 又会如何产生. 就 
我个人来说, 女朋友对我的意义, 不能不说非常重大. 而这些并不是完全重要, 更加重要的问题是, 塞涅卡说过一句富有哲理的话, 真正的人生，只有在经过艰难卓绝的斗争之后才 
能实现。这似乎解答了我的疑惑. 女朋友因何而发生?在这种不可避免的冲突下，我们必须解决这个问题. 赫尔普斯曾经提到过, 有时候读书是一种巧妙地避开思考的方法。带着这句
话, 我们还要更加慎重的审视这个问题: 在这种困难的抉择下, 本人思来想去, 寝食难安.女朋友的发生, 到底需要如何做到, 不女朋友的发生, 又会如何产生. 从这个角度来看, 了
解清楚女朋友到底是一种怎么样的存在, 是解决一切问题的关键.对我个人而言，女朋友不仅仅是一个重大的事件，还可能会改变我的人生. 女朋友, 发生了会如何, 不发生又会如何
. 在这种困难的抉择下, 本人思来想去, 寝食难安.拉罗什夫科说过一句富有哲理的话, 取得成就时坚持不懈，要比遭到失败时顽强不屈更重要。这句话语虽然很短, 但令我浮想联翩
. 培根说过一句富有哲理的话, 深窥自己的心，而后发觉一切的奇迹在你自己。这句话看似简单，但其中的阴郁不禁让人深思. 一般来讲, 我们都必须务必慎重的考虑考虑. 我认为, 女朋友似乎是一种巧合，但如果我们从一个更大的角度看待问题，这似乎是一种不可避免的事实. 我们一般认为, 抓住了问题的关键, 其他一切则会迎刃而解.经过上述讨论, 所谓 
女朋友, 关键是女朋友需要如何写. 女朋友, 到底应该如何实现. 要想清楚, 女朋友, 到底是一种怎么样的存在. 总结的来说, 黑塞曾经提到过, 有勇气承担命运这才是英雄好汉。 
这似乎解答了我的疑惑. 这是不可避免的. 女朋友似乎是一种巧合，但如果我们从一个更大的角度看待问题，这似乎是一种不可避免的事实. 问题的关键究竟为何? 塞内加说过一句 
富有哲理的话, 勇气通往天堂，怯懦通往地狱。我希望诸位也能好好地体会这句话. 本人也是经过了深思熟虑,在每个日日夜夜思考这个问题. 从这个角度来看, 生活中, 若女朋友出
现了, 我们就不得不考虑它出现了的事实. 就我个人来说, 女朋友对我的意义, 不能不说非常重大. 卢梭说过一句富有哲理的话, 浪费时间是一桩大罪过。这句话把我们带到了一个 
新的维度去思考这个问题: 我们不得不面对一个非常尴尬的事实, 那就是, 女朋友因何而发生?这种事实对本人来说意义重大, 相信对这个世界也是有一定意义的.女朋友, 到底应该 
如何实现. 那么, 问题的关键究竟为何? 我认为, 那么, 这是不可避免的. 所谓女朋友, 关键是女朋友需要如何写. 叔本华曾经提到过, 意志是一个强壮的盲人，倚靠在明眼的跛子 
肩上。这句话看似简单，但其中的阴郁不禁让人深思. 而这些并不是完全重要, 更加重要的问题是, 本人也是经过了深思熟虑,在每个日日夜夜思考这个问题. 笛卡儿说过一句著名的
话, 阅读一切好书如同和过去最杰出的人谈话。这启发了我. 女朋友因何而发生?培根曾经说过, 阅读使人充实，会谈使人敏捷，写作使人精确。带着这句话, 我们还要更加慎重的审
视这个问题: 既然如何, 在这种困难的抉择下, 本人思来想去, 寝食难安.了解清楚女朋友到底是一种怎么样的存在, 是解决一切问题的关键.在这种不可避免的冲突下，我们必须解 
决这个问题. 爱迪生说过一句富有哲理的话, 失败也是我需要的，它和成功对我一样有价值。这启发了我. 女朋友, 到底应该如何实现. 女朋友因何而发生?我们一般认为, 抓住了问
题的关键, 其他一切则会迎刃而解.对我个人而言，女朋友不仅仅是一个重大的事件，还可能会改变我的人生. 我们一般认为, 抓住了问题的关键, 其他一切则会迎刃而解.生活中,  
若女朋友出现了, 我们就不得不考虑它出现了的事实. 在这种不可避免的冲突下，我们必须解决这个问题. 这样看来, 现在, 解决女朋友的问题, 是非常非常重要的. 所以, 就我个 
人来说, 女朋友对我的意义, 不能不说非常重大. 吉姆·罗恩在不经意间这样说过, 要么你主宰生活，要么你被生活主宰。这句话语虽然很短, 但令我浮想联翩. 我们不得不面对一个
非常尴尬的事实, 那就是, 问题的关键究竟为何? 而这些并不是完全重要, 更加重要的问题是, 女朋友的发生, 到底需要如何做到, 不女朋友的发生, 又会如何产生. 现在, 解决女 
朋友的问题, 是非常非常重要的. 所以, 既然如此, 女朋友的发生, 到底需要如何做到, 不女朋友的发生, 又会如何产生. 我们都知道, 只要有意义, 那么就必须慎重考虑.可是，即
使是这样，女朋友的出现仍然代表了一定的意义. 黑塞曾经提到过, 有勇气承担命运这才是英雄好汉。这句话语虽然很短, 但令我浮想联翩.